- Nikto v2.5.0
---------------------------------------------------------------------------
+ Target IP:          192.168.0.156
+ Target Hostname:    192.168.0.156
+ Target Port:        80
+ Start Time:         2025-11-23 01:01:46 (GMT1)
---------------------------------------------------------------------------
+ Server: Apache/2.4.62 (Debian)
+ /DVWA/vulnerabilities/xss_r/: Cookie security created without the httponly flag. See: https://developer.mozilla.org/en-US/docs/Web/HTTP/Cookies
+ /DVWA/vulnerabilities/xss_r/: Cookie PHPSESSID created without the httponly flag. See: https://developer.mozilla.org/en-US/docs/Web/HTTP/Cookies
+ /DVWA/vulnerabilities/xss_r/: The X-Content-Type-Options header is not set. This could allow the user agent to render the content of the site in a different fashion to the MIME type. See: https://www.netsparker.com/web-vulnerability-scanner/vulnerabilities/missing-content-type-header/
+ No CGI Directories found (use '-C all' to force check all possible dirs)
+ /DVWA/vulnerabilities/xss_r/: Suggested security header missing: permissions-policy. See: https://developer.mozilla.org/en-US/docs/Web/HTTP/Headers/Permissions-Policy
+ /DVWA/vulnerabilities/xss_r/: Suggested security header missing: content-security-policy. See: https://developer.mozilla.org/en-US/docs/Web/HTTP/CSP
+ /DVWA/vulnerabilities/xss_r/: Suggested security header missing: x-content-type-options. See: https://developer.mozilla.org/en-US/docs/Web/HTTP/Headers/X-Content-Type-Options
+ /DVWA/vulnerabilities/xss_r/: Suggested security header missing: strict-transport-security. See: https://developer.mozilla.org/en-US/docs/Web/HTTP/Headers/Strict-Transport-Security
+ /DVWA/vulnerabilities/xss_r/: Suggested security header missing: referrer-policy. See: https://developer.mozilla.org/en-US/docs/Web/HTTP/Headers/Referrer-Policy
+ Apache/2.4.62 appears to be outdated (current is at least 2.4.63). Apache 2.2.34 is the EOL for the 2.x branch.
+ OPTIONS: Allowed HTTP Methods: HEAD, GET, POST, OPTIONS .
+ /: Web Server returns a valid response with junk HTTP methods which may cause false positives.
+ 626 requests: 0 error(s) and 11 item(s) reported on remote host
+ End Time:           2025-11-23 01:01:51 (GMT1) (5 seconds)
---------------------------------------------------------------------------
+ 1 host(s) tested
