
     __      __               .__  __  .__________
    /  \    /  \_____  ______ |__|/  |_|__\_____  \
    \   \/\/   /\__  \ \____ \|  \   __\  | _(__  <
     \        /  / __ \|  |_> >  ||  | |  |/       \
      \__/\  /  (____  /   __/|__||__| |__/______  /
           \/        \/|__|                      \/
Wapiti 3.2.10 (wapiti-scanner.github.io)
CSP is not set for URL: http://192.168.0.227:3000/
Host 192.168.0.227:3000 serves HTTP content without redirecting to HTTPS.
[*] Saving scan state, please wait...
This scan has been saved in the file /home/michal/.wapiti/scans/192.168.0.227_3000_page_5eeae228.db
[*] Wapiti found 1 URLs and forms during the scan

[*] Launching module spring4shell

[*] Launching module redirect

[*] Launching module sql

[*] Launching module csrf

[*] Launching module backup

[*] Launching module xss

[*] Launching module htaccess

[*] Launching module xxe
[*] Asking endpoint URL https://wapiti3.ovh/get_xxe.php?session_id=w23rzt for results, please wait...

[*] Launching module file

[*] Launching module cms
No Drupal Detected
No Joomla Detected
No PrestaShop Detected
No SPIP Detected
No WordPress Detected

[*] Launching module wp_enum
No WordPress Detected

[*] Launching module ldap

[*] Launching module exec

[*] Launching module crlf

[*] Launching module shellshock

[*] Launching module ssl
sslscan is not installed or not found in PATH, module will be skipped

[*] Launching module ssrf
[*] Asking endpoint URL https://wapiti3.ovh/get_ssrf.php?session_id=pdppvw for results, please wait...

[*] Launching module upload

[*] Launching module log4shell

[*] Launching module permanentxss

[*] Launching module methods
1 requests were skipped due to network issues

[*] Generating report...
A report has been generated in the file /home/michal/GolandProjects/Scanropod/reports/9831d909-966a-449c-a1a0-aebcdcc3aa58/wapiti-http_192.168.0.227_3000_-1765206867.json
