
     __      __               .__  __  .__________
    /  \    /  \_____  ______ |__|/  |_|__\_____  \
    \   \/\/   /\__  \ \____ \|  \   __\  | _(__  <
     \        /  / __ \|  |_> >  ||  | |  |/       \
      \__/\  /  (____  /   __/|__||__| |__/______  /
           \/        \/|__|                      \/
Wapiti-3.0.4 (wapiti.sourceforge.io)
[*] Be careful! New moon tonight.
[*] Saving scan state, please wait...

 Note
========
This scan has been saved in the file /home/michal/.wapiti/scans/192.168.0.156_page_ef4f0087.db
[*] Wapiti found 2 URLs and forms during the scan
[*] Loading modules:
	 backup, blindsql, brute_login_form, buster, cookieflags, crlf, csp, csrf, exec, file, htaccess, http_headers, methods, nikto, permanentxss, redirect, shellshock, sql, ssrf, wapp, xss, xxe
[!] Unable to find a module named cms
[!] Unable to find a module named htp
[!] Unable to find a module named http_header
[!] Unable to find a module named https_redirect
[!] Unable to find a module named ldap
[!] Unable to find a module named log4shell
[!] Unable to find a module named network_device
[!] Unable to find a module named spring4shell
[!] Unable to find a module named ssl
[!] Unable to find a module named takeover
[!] Unable to find a module named timesql
[!] Unable to find a module named upload
[!] Unable to find a module named wp_enum

[*] Launching module crlf

[*] Launching module csp
CSP is not set

[*] Launching module csrf

[*] Launching module cookieflags
Checking cookie : security
HttpOnly flag is not set in the cookie : security
Secure flag is not set in the cookie : security
Checking cookie : PHPSESSID
HttpOnly flag is not set in the cookie : PHPSESSID
Secure flag is not set in the cookie : PHPSESSID

[*] Launching module exec

[*] Launching module file

[*] Launching module sql

[*] Launching module xss
---
XSS vulnerability in http://192.168.0.156/DVWA/vulnerabilities/xss_r/ via injection in the parameter name
Evil request:
    GET /DVWA/vulnerabilities/xss_r/?name=%3CScRiPt%3Ealert%28%27wvgq02gh1t%27%29%3C%2FsCrIpT%3E HTTP/1.1
    Host: 192.168.0.156
    Referer: http://192.168.0.156/DVWA/vulnerabilities/xss_r/
---

[*] Launching module backup

[*] Launching module brute_login_form

[*] Launching module htaccess

[*] Launching module nikto

[*] Launching module buster
Found webpage http://192.168.0.156/DVWA/vulnerabilities/xss_r/index.php
Found webpage http://192.168.0.156/DVWA/vulnerabilities/xss_r/help/
Found webpage http://192.168.0.156/DVWA/vulnerabilities/xss_r/source/
Found webpage http://192.168.0.156/DVWA/vulnerabilities/xss_r/help/help.php

[*] Launching module shellshock

[*] Launching module ssrf
[*] Asking endpoint URL https://wapiti3.ovh/get_ssrf.php?id=g1wwqn for results, please wait...

[*] Launching module redirect

[*] Launching module xxe
[*] Asking endpoint URL https://wapiti3.ovh/get_xxe.php?id=xotl4v for results, please wait...

[*] Launching module permanentxss

[*] Launching module methods

Report
------
A report has been generated in the file /home/michal/GolandProjects/Scanropod/reports/3b8b2897-dfe0-4695-bf74-6442b5a139ec/wapiti-http_192.168.0.156_DVWA_vulnerabilities_xss_r_-1763825347.json
